comeco 0 0 r 1
comeco 1 1 r 1
1 0 0 r comeco
1 1 1 r comeco
1 _ _ l 2
2 x x l 2
2 0 x l 3
2 1 x l 3
3 0 0 r 4
3 1 1 r 4
3 x 1 r 5
4 x x r 4
4 1 1 r 4
4 _ 1 l 6
6 1 1 l 6
6 x x l 2
5 1 1 r 5
5 x 1 r 5
5 _ _ l halt-accept
init-reset # * r comeco
init-push-final * _ l init-reset
0 0 # r init-push-0
init-push-0 _ 0 r init-push-final
init-reset 0 * l *
init-push-0 0 0 r init-push-0
init-push-0 1 0 r init-push-1
init-push-0 x 0 r init-push-x
0 1 # r init-push-1
init-push-1 _ 1 r init-push-final
init-reset 1 * l *
init-push-1 0 1 r init-push-0
init-push-1 1 1 r init-push-1
init-push-1 x 1 r init-push-x
0 x # r init-push-x
init-push-x _ x r init-push-final
init-reset x * l *
init-push-x 0 x r init-push-0
init-push-x 1 x r init-push-1
init-push-x x x r init-push-x
comeco # * r *
1 # * r *
2 # * r *
3 # * r *
4 # * r *
5 # * r *
6 # * r *
halt-accept # * r *
