comeco _ _ l 1
comeco 0 0 r comeco
comeco 1 1 r comeco
comeco B B r comeco
comeco X X r comeco
1 1 _ r 2
1 0 _ r 3
1 _ _ r 4
2 0 1 l 5
2 1 1 l 5
2 _ 1 l 5
2 B 1 l 5
2 X 1 l 5
5 0 0 l 1
5 1 1 l 1
5 _ _ l 1
5 B B l 1
5 X X l 1
3 0 0 l 6
3 1 0 l 6
3 _ 0 l 6
3 B 0 l 6
3 X 0 l 6
6 0 0 l 1
6 1 1 l 1
6 _ _ l 1
6 B B l 1
6 X X l 1
4 _ B r 7
8 1 X l 9
8 0 X l 10
8 X X l 8
8 B B r halt-accept
9 1 1 l 9
9 X X l 9
9 0 X r 7
10 0 0 l 10
10 X X l 10
10 1 X r 7
7 _ _ l 8
7 0 0 r 7
7 1 1 r 7
7 B B r 7
7 X X r 7
init-reset # * r comeco
init-push-final * $ l init-reset
0 0 # r init-push-0
init-push-0 _ 0 r init-push-final
init-reset 0 * l *
init-push-0 0 0 r init-push-0
init-push-0 1 0 r init-push-1
init-push-0 B 0 r init-push-B
init-push-0 X 0 r init-push-X
0 1 # r init-push-1
init-push-1 _ 1 r init-push-final
init-reset 1 * l *
init-push-1 0 1 r init-push-0
init-push-1 1 1 r init-push-1
init-push-1 B 1 r init-push-B
init-push-1 X 1 r init-push-X
0 B # r init-push-B
init-push-B _ B r init-push-final
init-reset B * l *
init-push-B 0 B r init-push-0
init-push-B 1 B r init-push-1
init-push-B B B r init-push-B
init-push-B X B r init-push-X
0 X # r init-push-X
init-push-X _ X r init-push-final
init-reset X * l *
init-push-X 0 X r init-push-0
init-push-X 1 X r init-push-1
init-push-X B X r init-push-B
init-push-X X X r init-push-X
comeco $ _ r comeco-push-$-dir
comeco-push-$-dir * $ l comeco
1 $ _ r 1-push-$-dir
1-push-$-dir * $ l 1
2 $ _ r 2-push-$-dir
2-push-$-dir * $ l 2
3 $ _ r 3-push-$-dir
3-push-$-dir * $ l 3
4 $ _ r 4-push-$-dir
4-push-$-dir * $ l 4
5 $ _ r 5-push-$-dir
5-push-$-dir * $ l 5
6 $ _ r 6-push-$-dir
6-push-$-dir * $ l 6
7 $ _ r 7-push-$-dir
7-push-$-dir * $ l 7
8 $ _ r 8-push-$-dir
8-push-$-dir * $ l 8
9 $ _ r 9-push-$-dir
9-push-$-dir * $ l 9
10 $ _ r 10-push-$-dir
10-push-$-dir * $ l 10
halt-accept $ _ r halt-accept-push-$-dir
halt-accept-push-$-dir * $ l halt-accept
comeco # * r comeco-push-_-esq
comeco-push-$-esq * $ l comeco-reset
comeco-reset # * r comeco
comeco-push-_-esq $ _ r comeco-push-$-esq
comeco-reset _ * l *
comeco-push-_-esq _ _ r comeco-push-_-esq
comeco-push-_-esq 0 _ r comeco-push-0-esq
comeco-push-_-esq 1 _ r comeco-push-1-esq
comeco-push-_-esq B _ r comeco-push-B-esq
comeco-push-_-esq X _ r comeco-push-X-esq
comeco-push-0-esq $ 0 r comeco-push-$-esq
comeco-reset 0 * l *
comeco-push-0-esq _ 0 r comeco-push-_-esq
comeco-push-0-esq 0 0 r comeco-push-0-esq
comeco-push-0-esq 1 0 r comeco-push-1-esq
comeco-push-0-esq B 0 r comeco-push-B-esq
comeco-push-0-esq X 0 r comeco-push-X-esq
comeco-push-1-esq $ 1 r comeco-push-$-esq
comeco-reset 1 * l *
comeco-push-1-esq _ 1 r comeco-push-_-esq
comeco-push-1-esq 0 1 r comeco-push-0-esq
comeco-push-1-esq 1 1 r comeco-push-1-esq
comeco-push-1-esq B 1 r comeco-push-B-esq
comeco-push-1-esq X 1 r comeco-push-X-esq
comeco-push-B-esq $ B r comeco-push-$-esq
comeco-reset B * l *
comeco-push-B-esq _ B r comeco-push-_-esq
comeco-push-B-esq 0 B r comeco-push-0-esq
comeco-push-B-esq 1 B r comeco-push-1-esq
comeco-push-B-esq B B r comeco-push-B-esq
comeco-push-B-esq X B r comeco-push-X-esq
comeco-push-X-esq $ X r comeco-push-$-esq
comeco-reset X * l *
comeco-push-X-esq _ X r comeco-push-_-esq
comeco-push-X-esq 0 X r comeco-push-0-esq
comeco-push-X-esq 1 X r comeco-push-1-esq
comeco-push-X-esq B X r comeco-push-B-esq
comeco-push-X-esq X X r comeco-push-X-esq
1 # * r 1-push-_-esq
1-push-$-esq * $ l 1-reset
1-reset # * r 1
1-push-_-esq $ _ r 1-push-$-esq
1-reset _ * l *
1-push-_-esq _ _ r 1-push-_-esq
1-push-_-esq 0 _ r 1-push-0-esq
1-push-_-esq 1 _ r 1-push-1-esq
1-push-_-esq B _ r 1-push-B-esq
1-push-_-esq X _ r 1-push-X-esq
1-push-0-esq $ 0 r 1-push-$-esq
1-reset 0 * l *
1-push-0-esq _ 0 r 1-push-_-esq
1-push-0-esq 0 0 r 1-push-0-esq
1-push-0-esq 1 0 r 1-push-1-esq
1-push-0-esq B 0 r 1-push-B-esq
1-push-0-esq X 0 r 1-push-X-esq
1-push-1-esq $ 1 r 1-push-$-esq
1-reset 1 * l *
1-push-1-esq _ 1 r 1-push-_-esq
1-push-1-esq 0 1 r 1-push-0-esq
1-push-1-esq 1 1 r 1-push-1-esq
1-push-1-esq B 1 r 1-push-B-esq
1-push-1-esq X 1 r 1-push-X-esq
1-push-B-esq $ B r 1-push-$-esq
1-reset B * l *
1-push-B-esq _ B r 1-push-_-esq
1-push-B-esq 0 B r 1-push-0-esq
1-push-B-esq 1 B r 1-push-1-esq
1-push-B-esq B B r 1-push-B-esq
1-push-B-esq X B r 1-push-X-esq
1-push-X-esq $ X r 1-push-$-esq
1-reset X * l *
1-push-X-esq _ X r 1-push-_-esq
1-push-X-esq 0 X r 1-push-0-esq
1-push-X-esq 1 X r 1-push-1-esq
1-push-X-esq B X r 1-push-B-esq
1-push-X-esq X X r 1-push-X-esq
2 # * r 2-push-_-esq
2-push-$-esq * $ l 2-reset
2-reset # * r 2
2-push-_-esq $ _ r 2-push-$-esq
2-reset _ * l *
2-push-_-esq _ _ r 2-push-_-esq
2-push-_-esq 0 _ r 2-push-0-esq
2-push-_-esq 1 _ r 2-push-1-esq
2-push-_-esq B _ r 2-push-B-esq
2-push-_-esq X _ r 2-push-X-esq
2-push-0-esq $ 0 r 2-push-$-esq
2-reset 0 * l *
2-push-0-esq _ 0 r 2-push-_-esq
2-push-0-esq 0 0 r 2-push-0-esq
2-push-0-esq 1 0 r 2-push-1-esq
2-push-0-esq B 0 r 2-push-B-esq
2-push-0-esq X 0 r 2-push-X-esq
2-push-1-esq $ 1 r 2-push-$-esq
2-reset 1 * l *
2-push-1-esq _ 1 r 2-push-_-esq
2-push-1-esq 0 1 r 2-push-0-esq
2-push-1-esq 1 1 r 2-push-1-esq
2-push-1-esq B 1 r 2-push-B-esq
2-push-1-esq X 1 r 2-push-X-esq
2-push-B-esq $ B r 2-push-$-esq
2-reset B * l *
2-push-B-esq _ B r 2-push-_-esq
2-push-B-esq 0 B r 2-push-0-esq
2-push-B-esq 1 B r 2-push-1-esq
2-push-B-esq B B r 2-push-B-esq
2-push-B-esq X B r 2-push-X-esq
2-push-X-esq $ X r 2-push-$-esq
2-reset X * l *
2-push-X-esq _ X r 2-push-_-esq
2-push-X-esq 0 X r 2-push-0-esq
2-push-X-esq 1 X r 2-push-1-esq
2-push-X-esq B X r 2-push-B-esq
2-push-X-esq X X r 2-push-X-esq
3 # * r 3-push-_-esq
3-push-$-esq * $ l 3-reset
3-reset # * r 3
3-push-_-esq $ _ r 3-push-$-esq
3-reset _ * l *
3-push-_-esq _ _ r 3-push-_-esq
3-push-_-esq 0 _ r 3-push-0-esq
3-push-_-esq 1 _ r 3-push-1-esq
3-push-_-esq B _ r 3-push-B-esq
3-push-_-esq X _ r 3-push-X-esq
3-push-0-esq $ 0 r 3-push-$-esq
3-reset 0 * l *
3-push-0-esq _ 0 r 3-push-_-esq
3-push-0-esq 0 0 r 3-push-0-esq
3-push-0-esq 1 0 r 3-push-1-esq
3-push-0-esq B 0 r 3-push-B-esq
3-push-0-esq X 0 r 3-push-X-esq
3-push-1-esq $ 1 r 3-push-$-esq
3-reset 1 * l *
3-push-1-esq _ 1 r 3-push-_-esq
3-push-1-esq 0 1 r 3-push-0-esq
3-push-1-esq 1 1 r 3-push-1-esq
3-push-1-esq B 1 r 3-push-B-esq
3-push-1-esq X 1 r 3-push-X-esq
3-push-B-esq $ B r 3-push-$-esq
3-reset B * l *
3-push-B-esq _ B r 3-push-_-esq
3-push-B-esq 0 B r 3-push-0-esq
3-push-B-esq 1 B r 3-push-1-esq
3-push-B-esq B B r 3-push-B-esq
3-push-B-esq X B r 3-push-X-esq
3-push-X-esq $ X r 3-push-$-esq
3-reset X * l *
3-push-X-esq _ X r 3-push-_-esq
3-push-X-esq 0 X r 3-push-0-esq
3-push-X-esq 1 X r 3-push-1-esq
3-push-X-esq B X r 3-push-B-esq
3-push-X-esq X X r 3-push-X-esq
4 # * r 4-push-_-esq
4-push-$-esq * $ l 4-reset
4-reset # * r 4
4-push-_-esq $ _ r 4-push-$-esq
4-reset _ * l *
4-push-_-esq _ _ r 4-push-_-esq
4-push-_-esq 0 _ r 4-push-0-esq
4-push-_-esq 1 _ r 4-push-1-esq
4-push-_-esq B _ r 4-push-B-esq
4-push-_-esq X _ r 4-push-X-esq
4-push-0-esq $ 0 r 4-push-$-esq
4-reset 0 * l *
4-push-0-esq _ 0 r 4-push-_-esq
4-push-0-esq 0 0 r 4-push-0-esq
4-push-0-esq 1 0 r 4-push-1-esq
4-push-0-esq B 0 r 4-push-B-esq
4-push-0-esq X 0 r 4-push-X-esq
4-push-1-esq $ 1 r 4-push-$-esq
4-reset 1 * l *
4-push-1-esq _ 1 r 4-push-_-esq
4-push-1-esq 0 1 r 4-push-0-esq
4-push-1-esq 1 1 r 4-push-1-esq
4-push-1-esq B 1 r 4-push-B-esq
4-push-1-esq X 1 r 4-push-X-esq
4-push-B-esq $ B r 4-push-$-esq
4-reset B * l *
4-push-B-esq _ B r 4-push-_-esq
4-push-B-esq 0 B r 4-push-0-esq
4-push-B-esq 1 B r 4-push-1-esq
4-push-B-esq B B r 4-push-B-esq
4-push-B-esq X B r 4-push-X-esq
4-push-X-esq $ X r 4-push-$-esq
4-reset X * l *
4-push-X-esq _ X r 4-push-_-esq
4-push-X-esq 0 X r 4-push-0-esq
4-push-X-esq 1 X r 4-push-1-esq
4-push-X-esq B X r 4-push-B-esq
4-push-X-esq X X r 4-push-X-esq
5 # * r 5-push-_-esq
5-push-$-esq * $ l 5-reset
5-reset # * r 5
5-push-_-esq $ _ r 5-push-$-esq
5-reset _ * l *
5-push-_-esq _ _ r 5-push-_-esq
5-push-_-esq 0 _ r 5-push-0-esq
5-push-_-esq 1 _ r 5-push-1-esq
5-push-_-esq B _ r 5-push-B-esq
5-push-_-esq X _ r 5-push-X-esq
5-push-0-esq $ 0 r 5-push-$-esq
5-reset 0 * l *
5-push-0-esq _ 0 r 5-push-_-esq
5-push-0-esq 0 0 r 5-push-0-esq
5-push-0-esq 1 0 r 5-push-1-esq
5-push-0-esq B 0 r 5-push-B-esq
5-push-0-esq X 0 r 5-push-X-esq
5-push-1-esq $ 1 r 5-push-$-esq
5-reset 1 * l *
5-push-1-esq _ 1 r 5-push-_-esq
5-push-1-esq 0 1 r 5-push-0-esq
5-push-1-esq 1 1 r 5-push-1-esq
5-push-1-esq B 1 r 5-push-B-esq
5-push-1-esq X 1 r 5-push-X-esq
5-push-B-esq $ B r 5-push-$-esq
5-reset B * l *
5-push-B-esq _ B r 5-push-_-esq
5-push-B-esq 0 B r 5-push-0-esq
5-push-B-esq 1 B r 5-push-1-esq
5-push-B-esq B B r 5-push-B-esq
5-push-B-esq X B r 5-push-X-esq
5-push-X-esq $ X r 5-push-$-esq
5-reset X * l *
5-push-X-esq _ X r 5-push-_-esq
5-push-X-esq 0 X r 5-push-0-esq
5-push-X-esq 1 X r 5-push-1-esq
5-push-X-esq B X r 5-push-B-esq
5-push-X-esq X X r 5-push-X-esq
6 # * r 6-push-_-esq
6-push-$-esq * $ l 6-reset
6-reset # * r 6
6-push-_-esq $ _ r 6-push-$-esq
6-reset _ * l *
6-push-_-esq _ _ r 6-push-_-esq
6-push-_-esq 0 _ r 6-push-0-esq
6-push-_-esq 1 _ r 6-push-1-esq
6-push-_-esq B _ r 6-push-B-esq
6-push-_-esq X _ r 6-push-X-esq
6-push-0-esq $ 0 r 6-push-$-esq
6-reset 0 * l *
6-push-0-esq _ 0 r 6-push-_-esq
6-push-0-esq 0 0 r 6-push-0-esq
6-push-0-esq 1 0 r 6-push-1-esq
6-push-0-esq B 0 r 6-push-B-esq
6-push-0-esq X 0 r 6-push-X-esq
6-push-1-esq $ 1 r 6-push-$-esq
6-reset 1 * l *
6-push-1-esq _ 1 r 6-push-_-esq
6-push-1-esq 0 1 r 6-push-0-esq
6-push-1-esq 1 1 r 6-push-1-esq
6-push-1-esq B 1 r 6-push-B-esq
6-push-1-esq X 1 r 6-push-X-esq
6-push-B-esq $ B r 6-push-$-esq
6-reset B * l *
6-push-B-esq _ B r 6-push-_-esq
6-push-B-esq 0 B r 6-push-0-esq
6-push-B-esq 1 B r 6-push-1-esq
6-push-B-esq B B r 6-push-B-esq
6-push-B-esq X B r 6-push-X-esq
6-push-X-esq $ X r 6-push-$-esq
6-reset X * l *
6-push-X-esq _ X r 6-push-_-esq
6-push-X-esq 0 X r 6-push-0-esq
6-push-X-esq 1 X r 6-push-1-esq
6-push-X-esq B X r 6-push-B-esq
6-push-X-esq X X r 6-push-X-esq
7 # * r 7-push-_-esq
7-push-$-esq * $ l 7-reset
7-reset # * r 7
7-push-_-esq $ _ r 7-push-$-esq
7-reset _ * l *
7-push-_-esq _ _ r 7-push-_-esq
7-push-_-esq 0 _ r 7-push-0-esq
7-push-_-esq 1 _ r 7-push-1-esq
7-push-_-esq B _ r 7-push-B-esq
7-push-_-esq X _ r 7-push-X-esq
7-push-0-esq $ 0 r 7-push-$-esq
7-reset 0 * l *
7-push-0-esq _ 0 r 7-push-_-esq
7-push-0-esq 0 0 r 7-push-0-esq
7-push-0-esq 1 0 r 7-push-1-esq
7-push-0-esq B 0 r 7-push-B-esq
7-push-0-esq X 0 r 7-push-X-esq
7-push-1-esq $ 1 r 7-push-$-esq
7-reset 1 * l *
7-push-1-esq _ 1 r 7-push-_-esq
7-push-1-esq 0 1 r 7-push-0-esq
7-push-1-esq 1 1 r 7-push-1-esq
7-push-1-esq B 1 r 7-push-B-esq
7-push-1-esq X 1 r 7-push-X-esq
7-push-B-esq $ B r 7-push-$-esq
7-reset B * l *
7-push-B-esq _ B r 7-push-_-esq
7-push-B-esq 0 B r 7-push-0-esq
7-push-B-esq 1 B r 7-push-1-esq
7-push-B-esq B B r 7-push-B-esq
7-push-B-esq X B r 7-push-X-esq
7-push-X-esq $ X r 7-push-$-esq
7-reset X * l *
7-push-X-esq _ X r 7-push-_-esq
7-push-X-esq 0 X r 7-push-0-esq
7-push-X-esq 1 X r 7-push-1-esq
7-push-X-esq B X r 7-push-B-esq
7-push-X-esq X X r 7-push-X-esq
8 # * r 8-push-_-esq
8-push-$-esq * $ l 8-reset
8-reset # * r 8
8-push-_-esq $ _ r 8-push-$-esq
8-reset _ * l *
8-push-_-esq _ _ r 8-push-_-esq
8-push-_-esq 0 _ r 8-push-0-esq
8-push-_-esq 1 _ r 8-push-1-esq
8-push-_-esq B _ r 8-push-B-esq
8-push-_-esq X _ r 8-push-X-esq
8-push-0-esq $ 0 r 8-push-$-esq
8-reset 0 * l *
8-push-0-esq _ 0 r 8-push-_-esq
8-push-0-esq 0 0 r 8-push-0-esq
8-push-0-esq 1 0 r 8-push-1-esq
8-push-0-esq B 0 r 8-push-B-esq
8-push-0-esq X 0 r 8-push-X-esq
8-push-1-esq $ 1 r 8-push-$-esq
8-reset 1 * l *
8-push-1-esq _ 1 r 8-push-_-esq
8-push-1-esq 0 1 r 8-push-0-esq
8-push-1-esq 1 1 r 8-push-1-esq
8-push-1-esq B 1 r 8-push-B-esq
8-push-1-esq X 1 r 8-push-X-esq
8-push-B-esq $ B r 8-push-$-esq
8-reset B * l *
8-push-B-esq _ B r 8-push-_-esq
8-push-B-esq 0 B r 8-push-0-esq
8-push-B-esq 1 B r 8-push-1-esq
8-push-B-esq B B r 8-push-B-esq
8-push-B-esq X B r 8-push-X-esq
8-push-X-esq $ X r 8-push-$-esq
8-reset X * l *
8-push-X-esq _ X r 8-push-_-esq
8-push-X-esq 0 X r 8-push-0-esq
8-push-X-esq 1 X r 8-push-1-esq
8-push-X-esq B X r 8-push-B-esq
8-push-X-esq X X r 8-push-X-esq
9 # * r 9-push-_-esq
9-push-$-esq * $ l 9-reset
9-reset # * r 9
9-push-_-esq $ _ r 9-push-$-esq
9-reset _ * l *
9-push-_-esq _ _ r 9-push-_-esq
9-push-_-esq 0 _ r 9-push-0-esq
9-push-_-esq 1 _ r 9-push-1-esq
9-push-_-esq B _ r 9-push-B-esq
9-push-_-esq X _ r 9-push-X-esq
9-push-0-esq $ 0 r 9-push-$-esq
9-reset 0 * l *
9-push-0-esq _ 0 r 9-push-_-esq
9-push-0-esq 0 0 r 9-push-0-esq
9-push-0-esq 1 0 r 9-push-1-esq
9-push-0-esq B 0 r 9-push-B-esq
9-push-0-esq X 0 r 9-push-X-esq
9-push-1-esq $ 1 r 9-push-$-esq
9-reset 1 * l *
9-push-1-esq _ 1 r 9-push-_-esq
9-push-1-esq 0 1 r 9-push-0-esq
9-push-1-esq 1 1 r 9-push-1-esq
9-push-1-esq B 1 r 9-push-B-esq
9-push-1-esq X 1 r 9-push-X-esq
9-push-B-esq $ B r 9-push-$-esq
9-reset B * l *
9-push-B-esq _ B r 9-push-_-esq
9-push-B-esq 0 B r 9-push-0-esq
9-push-B-esq 1 B r 9-push-1-esq
9-push-B-esq B B r 9-push-B-esq
9-push-B-esq X B r 9-push-X-esq
9-push-X-esq $ X r 9-push-$-esq
9-reset X * l *
9-push-X-esq _ X r 9-push-_-esq
9-push-X-esq 0 X r 9-push-0-esq
9-push-X-esq 1 X r 9-push-1-esq
9-push-X-esq B X r 9-push-B-esq
9-push-X-esq X X r 9-push-X-esq
10 # * r 10-push-_-esq
10-push-$-esq * $ l 10-reset
10-reset # * r 10
10-push-_-esq $ _ r 10-push-$-esq
10-reset _ * l *
10-push-_-esq _ _ r 10-push-_-esq
10-push-_-esq 0 _ r 10-push-0-esq
10-push-_-esq 1 _ r 10-push-1-esq
10-push-_-esq B _ r 10-push-B-esq
10-push-_-esq X _ r 10-push-X-esq
10-push-0-esq $ 0 r 10-push-$-esq
10-reset 0 * l *
10-push-0-esq _ 0 r 10-push-_-esq
10-push-0-esq 0 0 r 10-push-0-esq
10-push-0-esq 1 0 r 10-push-1-esq
10-push-0-esq B 0 r 10-push-B-esq
10-push-0-esq X 0 r 10-push-X-esq
10-push-1-esq $ 1 r 10-push-$-esq
10-reset 1 * l *
10-push-1-esq _ 1 r 10-push-_-esq
10-push-1-esq 0 1 r 10-push-0-esq
10-push-1-esq 1 1 r 10-push-1-esq
10-push-1-esq B 1 r 10-push-B-esq
10-push-1-esq X 1 r 10-push-X-esq
10-push-B-esq $ B r 10-push-$-esq
10-reset B * l *
10-push-B-esq _ B r 10-push-_-esq
10-push-B-esq 0 B r 10-push-0-esq
10-push-B-esq 1 B r 10-push-1-esq
10-push-B-esq B B r 10-push-B-esq
10-push-B-esq X B r 10-push-X-esq
10-push-X-esq $ X r 10-push-$-esq
10-reset X * l *
10-push-X-esq _ X r 10-push-_-esq
10-push-X-esq 0 X r 10-push-0-esq
10-push-X-esq 1 X r 10-push-1-esq
10-push-X-esq B X r 10-push-B-esq
10-push-X-esq X X r 10-push-X-esq
halt-accept # * r halt-accept-push-_-esq
halt-accept-push-$-esq * $ l halt-accept-reset
halt-accept-reset # * r halt-accept
halt-accept-push-_-esq $ _ r halt-accept-push-$-esq
halt-accept-reset _ * l *
halt-accept-push-_-esq _ _ r halt-accept-push-_-esq
halt-accept-push-_-esq 0 _ r halt-accept-push-0-esq
halt-accept-push-_-esq 1 _ r halt-accept-push-1-esq
halt-accept-push-_-esq B _ r halt-accept-push-B-esq
halt-accept-push-_-esq X _ r halt-accept-push-X-esq
halt-accept-push-0-esq $ 0 r halt-accept-push-$-esq
halt-accept-reset 0 * l *
halt-accept-push-0-esq _ 0 r halt-accept-push-_-esq
halt-accept-push-0-esq 0 0 r halt-accept-push-0-esq
halt-accept-push-0-esq 1 0 r halt-accept-push-1-esq
halt-accept-push-0-esq B 0 r halt-accept-push-B-esq
halt-accept-push-0-esq X 0 r halt-accept-push-X-esq
halt-accept-push-1-esq $ 1 r halt-accept-push-$-esq
halt-accept-reset 1 * l *
halt-accept-push-1-esq _ 1 r halt-accept-push-_-esq
halt-accept-push-1-esq 0 1 r halt-accept-push-0-esq
halt-accept-push-1-esq 1 1 r halt-accept-push-1-esq
halt-accept-push-1-esq B 1 r halt-accept-push-B-esq
halt-accept-push-1-esq X 1 r halt-accept-push-X-esq
halt-accept-push-B-esq $ B r halt-accept-push-$-esq
halt-accept-reset B * l *
halt-accept-push-B-esq _ B r halt-accept-push-_-esq
halt-accept-push-B-esq 0 B r halt-accept-push-0-esq
halt-accept-push-B-esq 1 B r halt-accept-push-1-esq
halt-accept-push-B-esq B B r halt-accept-push-B-esq
halt-accept-push-B-esq X B r halt-accept-push-X-esq
halt-accept-push-X-esq $ X r halt-accept-push-$-esq
halt-accept-reset X * l *
halt-accept-push-X-esq _ X r halt-accept-push-_-esq
halt-accept-push-X-esq 0 X r halt-accept-push-0-esq
halt-accept-push-X-esq 1 X r halt-accept-push-1-esq
halt-accept-push-X-esq B X r halt-accept-push-B-esq
halt-accept-push-X-esq X X r halt-accept-push-X-esq
